2025-04-17 13:42:34,867 - INFO - 日志文件已创建: D:\系统默认\桌面\毕设\优化结果\optimization_log_20250417_134234.log
2025-04-17 13:42:34,867 - INFO - 
==================================================
2025-04-17 13:42:34,867 - INFO - 正在处理 Sheet: 河北
2025-04-17 13:42:34,867 - INFO - ==================================================
2025-04-17 13:49:00,640 - INFO - 
实验结果摘要:
2025-04-17 13:49:00,644 - INFO -          sizepop  elite_size   overbest      MAXGEN  best_fitness  \
count  50.000000   50.000000  50.000000   50.000000     50.000000   
mean   38.440000    3.500000   6.980000  101.200000     22.257266   
std     5.821003    0.505076   1.477588   28.988386      5.887984   
min    30.000000    3.000000   5.000000   51.000000     18.650095   
25%    33.000000    3.000000   6.000000   74.000000     19.546266   
50%    38.000000    3.500000   7.000000  104.000000     20.429968   
75%    42.750000    4.000000   8.750000  125.000000     21.950830   
max    49.000000    4.000000   9.000000  148.000000     45.993398   

       convergence_gen  final_diversity  
count        50.000000        50.000000  
mean        101.200000         0.949686  
std          28.988386         0.041500  
min          51.000000         0.798246  
25%          74.000000         0.928667  
50%         104.000000         0.964912  
75%         125.000000         0.982212  
max         148.000000         1.000000  
2025-04-17 13:49:01,442 - INFO - 特征重要性图已保存到: D:\系统默认\桌面\毕设\优化结果\河北\河北_feature_importance.png
2025-04-17 13:49:03,415 - INFO - 参数效应图已保存到: D:\系统默认\桌面\毕设\优化结果\河北\河北_parameter_effects.png
2025-04-17 13:49:03,415 - INFO - 
参数影响程度排名:
2025-04-17 13:49:03,431 - INFO -     Parameter  LR_Coefficient  RF_Importance
3      MAXGEN       -0.843411       0.461550
0     sizepop        0.730097       0.332556
2    overbest       -0.220555       0.168971
1  elite_size       -0.447978       0.036922
2025-04-17 13:49:03,431 - INFO - 
优化建议:
2025-04-17 13:49:03,431 - INFO - MAXGEN (重要性: 0.462): 增加迭代次数能提高收敛性，但应考虑边际效益递减
2025-04-17 13:49:03,431 - INFO - sizepop (重要性: 0.333): 增大种群大小通常能提高解的质量，但会增加计算时间
2025-04-17 13:49:03,431 - INFO - overbest (重要性: 0.169): 记忆库大小应足够保存多样性解，但不宜过大
2025-04-17 13:49:03,440 - INFO - elite_size (重要性: 0.037): 适中的精英数量(3-5)通常能平衡收敛速度和多样性
2025-04-17 13:49:03,441 - INFO - 实验结果数据已保存到: D:\系统默认\桌面\毕设\优化结果\河北\河北_results.csv
2025-04-17 13:49:03,441 - INFO - 
==================================================
2025-04-17 13:49:03,441 - INFO - 正在处理 Sheet: 山东
2025-04-17 13:49:03,441 - INFO - ==================================================
2025-04-17 13:55:30,566 - INFO - 
实验结果摘要:
2025-04-17 13:55:30,566 - INFO -          sizepop  elite_size   overbest      MAXGEN  best_fitness  \
count  50.000000   50.000000  50.000000   50.000000     50.000000   
mean   38.440000    3.500000   6.980000  101.200000     16.401994   
std     5.821003    0.505076   1.477588   28.988386      1.661060   
min    30.000000    3.000000   5.000000   51.000000     14.567718   
25%    33.000000    3.000000   6.000000   74.000000     15.366984   
50%    38.000000    3.500000   7.000000  104.000000     16.356385   
75%    42.750000    4.000000   8.750000  125.000000     16.840255   
max    49.000000    4.000000   9.000000  148.000000     23.921589   

       convergence_gen  final_diversity  
count        50.000000        50.000000  
mean        101.200000         0.942520  
std          28.988386         0.043728  
min          51.000000         0.796296  
25%          74.000000         0.922515  
50%         104.000000         0.951303  
75%         125.000000         0.964912  
max         148.000000         1.000000  
2025-04-17 13:55:31,340 - INFO - 特征重要性图已保存到: D:\系统默认\桌面\毕设\优化结果\山东\山东_feature_importance.png
2025-04-17 13:55:33,097 - INFO - 参数效应图已保存到: D:\系统默认\桌面\毕设\优化结果\山东\山东_parameter_effects.png
2025-04-17 13:55:33,097 - INFO - 
参数影响程度排名:
2025-04-17 13:55:33,097 - INFO -     Parameter  LR_Coefficient  RF_Importance
3      MAXGEN       -0.399866       0.545918
0     sizepop       -0.145495       0.233866
2    overbest        0.098739       0.187365
1  elite_size        0.077755       0.032851
2025-04-17 13:55:33,097 - INFO - 
优化建议:
2025-04-17 13:55:33,113 - INFO - MAXGEN (重要性: 0.546): 增加迭代次数能提高收敛性，但应考虑边际效益递减
2025-04-17 13:55:33,113 - INFO - sizepop (重要性: 0.234): 增大种群大小通常能提高解的质量，但会增加计算时间
2025-04-17 13:55:33,113 - INFO - overbest (重要性: 0.187): 记忆库大小应足够保存多样性解，但不宜过大
2025-04-17 13:55:33,115 - INFO - elite_size (重要性: 0.033): 适中的精英数量(3-5)通常能平衡收敛速度和多样性
2025-04-17 13:55:33,118 - INFO - 实验结果数据已保存到: D:\系统默认\桌面\毕设\优化结果\山东\山东_results.csv
2025-04-17 13:55:33,118 - INFO - 
==================================================
2025-04-17 13:55:33,119 - INFO - 正在处理 Sheet: 山西
2025-04-17 13:55:33,120 - INFO - ==================================================
2025-04-17 14:01:00,701 - INFO - 
实验结果摘要:
2025-04-17 14:01:00,708 - INFO -          sizepop  elite_size   overbest      MAXGEN  best_fitness  \
count  50.000000   50.000000  50.000000   50.000000     50.000000   
mean   38.440000    3.500000   6.980000  101.200000     16.153292   
std     5.821003    0.505076   1.477588   28.988386      9.583545   
min    30.000000    3.000000   5.000000   51.000000     11.381370   
25%    33.000000    3.000000   6.000000   74.000000     12.340867   
50%    38.000000    3.500000   7.000000  104.000000     12.600529   
75%    42.750000    4.000000   8.750000  125.000000     13.667492   
max    49.000000    4.000000   9.000000  148.000000     61.179532   

       convergence_gen  final_diversity  
count        50.000000        50.000000  
mean        101.200000         0.937769  
std          28.988386         0.041784  
min          51.000000         0.814815  
25%          74.000000         0.918634  
50%         104.000000         0.944358  
75%         125.000000         0.964912  
max         148.000000         1.000000  
2025-04-17 14:01:01,343 - INFO - 特征重要性图已保存到: D:\系统默认\桌面\毕设\优化结果\山西\山西_feature_importance.png
2025-04-17 14:01:02,864 - INFO - 参数效应图已保存到: D:\系统默认\桌面\毕设\优化结果\山西\山西_parameter_effects.png
2025-04-17 14:01:02,880 - INFO - 
参数影响程度排名:
2025-04-17 14:01:02,880 - INFO -     Parameter  LR_Coefficient  RF_Importance
3      MAXGEN       -4.037511       0.552178
0     sizepop       -1.594403       0.317440
2    overbest        0.929465       0.068373
1  elite_size       -2.141877       0.062009
2025-04-17 14:01:02,884 - INFO - 
优化建议:
2025-04-17 14:01:02,885 - INFO - MAXGEN (重要性: 0.552): 增加迭代次数能提高收敛性，但应考虑边际效益递减
2025-04-17 14:01:02,885 - INFO - sizepop (重要性: 0.317): 增大种群大小通常能提高解的质量，但会增加计算时间
2025-04-17 14:01:02,886 - INFO - overbest (重要性: 0.068): 记忆库大小应足够保存多样性解，但不宜过大
2025-04-17 14:01:02,886 - INFO - elite_size (重要性: 0.062): 适中的精英数量(3-5)通常能平衡收敛速度和多样性
2025-04-17 14:01:02,889 - INFO - 实验结果数据已保存到: D:\系统默认\桌面\毕设\优化结果\山西\山西_results.csv
2025-04-17 14:01:02,890 - INFO - 
==================================================
2025-04-17 14:01:02,891 - INFO - 正在处理 Sheet: 河南
2025-04-17 14:01:02,891 - INFO - ==================================================
2025-04-17 14:06:32,697 - INFO - 
实验结果摘要:
2025-04-17 14:06:32,703 - INFO -          sizepop  elite_size   overbest      MAXGEN  best_fitness  \
count  50.000000   50.000000  50.000000   50.000000     50.000000   
mean   38.440000    3.500000   6.980000  101.200000     29.494361   
std     5.821003    0.505076   1.477588   28.988386     15.964597   
min    30.000000    3.000000   5.000000   51.000000     19.251201   
25%    33.000000    3.000000   6.000000   74.000000     20.329140   
50%    38.000000    3.500000   7.000000  104.000000     21.848542   
75%    42.750000    4.000000   8.750000  125.000000     35.370658   
max    49.000000    4.000000   9.000000  148.000000     92.920597   

       convergence_gen  final_diversity  
count        50.000000        50.000000  
mean        101.200000         0.946747  
std          28.988386         0.042989  
min          51.000000         0.799020  
25%          74.000000         0.928277  
50%         104.000000         0.955166  
75%         125.000000         0.972710  
max         148.000000         1.000000  
2025-04-17 14:06:33,347 - INFO - 特征重要性图已保存到: D:\系统默认\桌面\毕设\优化结果\河南\河南_feature_importance.png
2025-04-17 14:06:34,804 - INFO - 参数效应图已保存到: D:\系统默认\桌面\毕设\优化结果\河南\河南_parameter_effects.png
2025-04-17 14:06:34,804 - INFO - 
参数影响程度排名:
2025-04-17 14:06:34,820 - INFO -     Parameter  LR_Coefficient  RF_Importance
3      MAXGEN       -6.532476       0.576097
0     sizepop       -0.907815       0.316366
2    overbest        3.727575       0.069982
1  elite_size        2.016842       0.037555
2025-04-17 14:06:34,820 - INFO - 
优化建议:
2025-04-17 14:06:34,820 - INFO - MAXGEN (重要性: 0.576): 增加迭代次数能提高收敛性，但应考虑边际效益递减
2025-04-17 14:06:34,820 - INFO - sizepop (重要性: 0.316): 增大种群大小通常能提高解的质量，但会增加计算时间
2025-04-17 14:06:34,820 - INFO - overbest (重要性: 0.070): 记忆库大小应足够保存多样性解，但不宜过大
2025-04-17 14:06:34,820 - INFO - elite_size (重要性: 0.038): 适中的精英数量(3-5)通常能平衡收敛速度和多样性
2025-04-17 14:06:34,829 - INFO - 实验结果数据已保存到: D:\系统默认\桌面\毕设\优化结果\河南\河南_results.csv
2025-04-17 14:06:34,829 - INFO - 
==================================================
2025-04-17 14:06:34,829 - INFO - 正在处理 Sheet: 辽宁
2025-04-17 14:06:34,829 - INFO - ==================================================
2025-04-17 14:12:00,158 - INFO - 
实验结果摘要:
2025-04-17 14:12:00,164 - INFO -          sizepop  elite_size   overbest      MAXGEN  best_fitness  \
count  50.000000   50.000000  50.000000   50.000000     50.000000   
mean   38.440000    3.500000   6.980000  101.200000     17.871807   
std     5.821003    0.505076   1.477588   28.988386      8.560397   
min    30.000000    3.000000   5.000000   51.000000      9.335109   
25%    33.000000    3.000000   6.000000   74.000000     11.865146   
50%    38.000000    3.500000   7.000000  104.000000     13.248645   
75%    42.750000    4.000000   8.750000  125.000000     21.905959   
max    49.000000    4.000000   9.000000  148.000000     44.553874   

       convergence_gen  final_diversity  
count        50.000000        50.000000  
mean        101.200000         0.941313  
std          28.988386         0.040016  
min          51.000000         0.759259  
25%          74.000000         0.929642  
50%         104.000000         0.945906  
75%         125.000000         0.964669  
max         148.000000         0.991228  
2025-04-17 14:12:00,784 - INFO - 特征重要性图已保存到: D:\系统默认\桌面\毕设\优化结果\辽宁\辽宁_feature_importance.png
2025-04-17 14:12:02,367 - INFO - 参数效应图已保存到: D:\系统默认\桌面\毕设\优化结果\辽宁\辽宁_parameter_effects.png
2025-04-17 14:12:02,367 - INFO - 
参数影响程度排名:
2025-04-17 14:12:02,367 - INFO -     Parameter  LR_Coefficient  RF_Importance
3      MAXGEN       -3.151966       0.497051
2    overbest       -1.514851       0.231831
0     sizepop        2.394878       0.215436
1  elite_size        2.318783       0.055682
2025-04-17 14:12:02,384 - INFO - 
优化建议:
2025-04-17 14:12:02,384 - INFO - MAXGEN (重要性: 0.497): 增加迭代次数能提高收敛性，但应考虑边际效益递减
2025-04-17 14:12:02,384 - INFO - overbest (重要性: 0.232): 记忆库大小应足够保存多样性解，但不宜过大
2025-04-17 14:12:02,384 - INFO - sizepop (重要性: 0.215): 增大种群大小通常能提高解的质量，但会增加计算时间
2025-04-17 14:12:02,390 - INFO - elite_size (重要性: 0.056): 适中的精英数量(3-5)通常能平衡收敛速度和多样性
2025-04-17 14:12:02,392 - INFO - 实验结果数据已保存到: D:\系统默认\桌面\毕设\优化结果\辽宁\辽宁_results.csv
2025-04-17 14:12:02,393 - INFO - 
==================================================
2025-04-17 14:12:02,394 - INFO - 正在处理 Sheet: 吉林
2025-04-17 14:12:02,394 - INFO - ==================================================
2025-04-17 14:17:13,789 - INFO - 
实验结果摘要:
2025-04-17 14:17:13,803 - INFO -          sizepop  elite_size   overbest      MAXGEN  best_fitness  \
count  50.000000   50.000000  50.000000   50.000000     50.000000   
mean   38.440000    3.500000   6.980000  101.200000      9.401795   
std     5.821003    0.505076   1.477588   28.988386      6.571292   
min    30.000000    3.000000   5.000000   51.000000      5.112381   
25%    33.000000    3.000000   6.000000   74.000000      5.707646   
50%    38.000000    3.500000   7.000000  104.000000      6.567652   
75%    42.750000    4.000000   8.750000  125.000000      9.406196   
max    49.000000    4.000000   9.000000  148.000000     38.359383   

       convergence_gen  final_diversity  
count        50.000000        50.000000  
mean        101.200000         0.905389  
std          28.988386         0.066220  
min          51.000000         0.500000  
25%          74.000000         0.894346  
50%         104.000000         0.909393  
75%         125.000000         0.936647  
max         148.000000         0.964912  
2025-04-17 14:17:14,540 - INFO - 特征重要性图已保存到: D:\系统默认\桌面\毕设\优化结果\吉林\吉林_feature_importance.png
2025-04-17 14:17:16,120 - INFO - 参数效应图已保存到: D:\系统默认\桌面\毕设\优化结果\吉林\吉林_parameter_effects.png
2025-04-17 14:17:16,120 - INFO - 
参数影响程度排名:
2025-04-17 14:17:16,120 - INFO -     Parameter  LR_Coefficient  RF_Importance
3      MAXGEN       -0.671518       0.389955
0     sizepop        0.868374       0.375302
2    overbest        0.019426       0.188435
1  elite_size       -0.535393       0.046308
2025-04-17 14:17:16,120 - INFO - 
优化建议:
2025-04-17 14:17:16,120 - INFO - MAXGEN (重要性: 0.390): 增加迭代次数能提高收敛性，但应考虑边际效益递减
2025-04-17 14:17:16,120 - INFO - sizepop (重要性: 0.375): 增大种群大小通常能提高解的质量，但会增加计算时间
2025-04-17 14:17:16,128 - INFO - overbest (重要性: 0.188): 记忆库大小应足够保存多样性解，但不宜过大
2025-04-17 14:17:16,129 - INFO - elite_size (重要性: 0.046): 适中的精英数量(3-5)通常能平衡收敛速度和多样性
2025-04-17 14:17:16,132 - INFO - 实验结果数据已保存到: D:\系统默认\桌面\毕设\优化结果\吉林\吉林_results.csv
2025-04-17 14:17:16,133 - INFO - 
==================================================
2025-04-17 14:17:16,133 - INFO - 正在处理 Sheet: 黑龙江
2025-04-17 14:17:16,134 - INFO - ==================================================
2025-04-17 14:22:37,814 - INFO - 
实验结果摘要:
2025-04-17 14:22:37,825 - INFO -          sizepop  elite_size   overbest      MAXGEN  best_fitness  \
count  50.000000   50.000000  50.000000   50.000000     50.000000   
mean   38.440000    3.500000   6.980000  101.200000     26.448546   
std     5.821003    0.505076   1.477588   28.988386     15.276321   
min    30.000000    3.000000   5.000000   51.000000     14.157816   
25%    33.000000    3.000000   6.000000   74.000000     16.305568   
50%    38.000000    3.500000   7.000000  104.000000     18.248935   
75%    42.750000    4.000000   8.750000  125.000000     32.909653   
max    49.000000    4.000000   9.000000  148.000000     75.089326   

       convergence_gen  final_diversity  
count        50.000000        50.000000  
mean        101.200000         0.945189  
std          28.988386         0.034038  
min          51.000000         0.862086  
25%          74.000000         0.932018  
50%         104.000000         0.954678  
75%         125.000000         0.964912  
max         148.000000         1.000000  
2025-04-17 14:22:38,461 - INFO - 特征重要性图已保存到: D:\系统默认\桌面\毕设\优化结果\黑龙江\黑龙江_feature_importance.png
2025-04-17 14:22:40,014 - INFO - 参数效应图已保存到: D:\系统默认\桌面\毕设\优化结果\黑龙江\黑龙江_parameter_effects.png
2025-04-17 14:22:40,015 - INFO - 
参数影响程度排名:
2025-04-17 14:22:40,016 - INFO -     Parameter  LR_Coefficient  RF_Importance
0     sizepop       -4.029239       0.505662
3      MAXGEN       -3.664755       0.329233
2    overbest       -0.590219       0.118679
1  elite_size       -2.020720       0.046425
2025-04-17 14:22:40,020 - INFO - 
优化建议:
2025-04-17 14:22:40,020 - INFO - sizepop (重要性: 0.506): 增大种群大小通常能提高解的质量，但会增加计算时间
2025-04-17 14:22:40,021 - INFO - MAXGEN (重要性: 0.329): 增加迭代次数能提高收敛性，但应考虑边际效益递减
2025-04-17 14:22:40,022 - INFO - overbest (重要性: 0.119): 记忆库大小应足够保存多样性解，但不宜过大
2025-04-17 14:22:40,022 - INFO - elite_size (重要性: 0.046): 适中的精英数量(3-5)通常能平衡收敛速度和多样性
2025-04-17 14:22:40,025 - INFO - 实验结果数据已保存到: D:\系统默认\桌面\毕设\优化结果\黑龙江\黑龙江_results.csv
2025-04-17 14:22:40,025 - INFO - 
==================================================
2025-04-17 14:22:40,026 - INFO - 正在处理 Sheet: 江苏
2025-04-17 14:22:40,027 - INFO - ==================================================
2025-04-17 14:27:56,026 - INFO - 
实验结果摘要:
2025-04-17 14:27:56,036 - INFO -          sizepop  elite_size   overbest      MAXGEN  best_fitness  \
count  50.000000   50.000000  50.000000   50.000000     50.000000   
mean   38.440000    3.500000   6.980000  101.200000     10.970827   
std     5.821003    0.505076   1.477588   28.988386      4.763399   
min    30.000000    3.000000   5.000000   51.000000      7.577384   
25%    33.000000    3.000000   6.000000   74.000000      8.510834   
50%    38.000000    3.500000   7.000000  104.000000      9.005516   
75%    42.750000    4.000000   8.750000  125.000000     12.145064   
max    49.000000    4.000000   9.000000  148.000000     34.267591   

       convergence_gen  final_diversity  
count        50.000000        50.000000  
mean        101.200000         0.909985  
std          28.988386         0.071024  
min          51.000000         0.631579  
25%          74.000000         0.894250  
50%         104.000000         0.926327  
75%         125.000000         0.952174  
max         148.000000         0.982456  
2025-04-17 14:27:56,667 - INFO - 特征重要性图已保存到: D:\系统默认\桌面\毕设\优化结果\江苏\江苏_feature_importance.png
2025-04-17 14:27:58,284 - INFO - 参数效应图已保存到: D:\系统默认\桌面\毕设\优化结果\江苏\江苏_parameter_effects.png
2025-04-17 14:27:58,285 - INFO - 
参数影响程度排名:
2025-04-17 14:27:58,286 - INFO -     Parameter  LR_Coefficient  RF_Importance
0     sizepop       -1.491032       0.528430
3      MAXGEN       -1.430977       0.224828
1  elite_size        0.127472       0.176086
2    overbest       -0.264220       0.070656
2025-04-17 14:27:58,289 - INFO - 
优化建议:
2025-04-17 14:27:58,290 - INFO - sizepop (重要性: 0.528): 增大种群大小通常能提高解的质量，但会增加计算时间
2025-04-17 14:27:58,291 - INFO - MAXGEN (重要性: 0.225): 增加迭代次数能提高收敛性，但应考虑边际效益递减
2025-04-17 14:27:58,291 - INFO - elite_size (重要性: 0.176): 适中的精英数量(3-5)通常能平衡收敛速度和多样性
2025-04-17 14:27:58,293 - INFO - overbest (重要性: 0.071): 记忆库大小应足够保存多样性解，但不宜过大
2025-04-17 14:27:58,295 - INFO - 实验结果数据已保存到: D:\系统默认\桌面\毕设\优化结果\江苏\江苏_results.csv
2025-04-17 14:27:58,296 - INFO - 
==================================================
2025-04-17 14:27:58,297 - INFO - 正在处理 Sheet: 浙江
2025-04-17 14:27:58,297 - INFO - ==================================================
2025-04-17 14:34:09,134 - INFO - 
实验结果摘要:
2025-04-17 14:34:09,144 - INFO -          sizepop  elite_size   overbest      MAXGEN  best_fitness  \
count  50.000000   50.000000  50.000000   50.000000     50.000000   
mean   38.440000    3.500000   6.980000  101.200000     14.538761   
std     5.821003    0.505076   1.477588   28.988386      9.061348   
min    30.000000    3.000000   5.000000   51.000000      8.455703   
25%    33.000000    3.000000   6.000000   74.000000      9.034785   
50%    38.000000    3.500000   7.000000  104.000000      9.917737   
75%    42.750000    4.000000   8.750000  125.000000     16.788364   
max    49.000000    4.000000   9.000000  148.000000     45.452888   

       convergence_gen  final_diversity  
count        50.000000        50.000000  
mean        101.200000         0.931350  
std          28.988386         0.038501  
min          51.000000         0.807018  
25%          74.000000         0.914416  
50%         104.000000         0.937658  
75%         125.000000         0.963694  
max         148.000000         1.000000  
2025-04-17 14:34:09,987 - INFO - 特征重要性图已保存到: D:\系统默认\桌面\毕设\优化结果\浙江\浙江_feature_importance.png
2025-04-17 14:34:11,820 - INFO - 参数效应图已保存到: D:\系统默认\桌面\毕设\优化结果\浙江\浙江_parameter_effects.png
2025-04-17 14:34:11,821 - INFO - 
参数影响程度排名:
2025-04-17 14:34:11,822 - INFO -     Parameter  LR_Coefficient  RF_Importance
3      MAXGEN       -3.090012       0.493510
0     sizepop       -2.566144       0.337241
2    overbest        0.661773       0.153580
1  elite_size        0.992620       0.015669
2025-04-17 14:34:11,826 - INFO - 
优化建议:
2025-04-17 14:34:11,827 - INFO - MAXGEN (重要性: 0.494): 增加迭代次数能提高收敛性，但应考虑边际效益递减
2025-04-17 14:34:11,828 - INFO - sizepop (重要性: 0.337): 增大种群大小通常能提高解的质量，但会增加计算时间
2025-04-17 14:34:11,830 - INFO - overbest (重要性: 0.154): 记忆库大小应足够保存多样性解，但不宜过大
2025-04-17 14:34:11,830 - INFO - elite_size (重要性: 0.016): 适中的精英数量(3-5)通常能平衡收敛速度和多样性
2025-04-17 14:34:11,833 - INFO - 实验结果数据已保存到: D:\系统默认\桌面\毕设\优化结果\浙江\浙江_results.csv
2025-04-17 14:34:11,834 - INFO - 
==================================================
2025-04-17 14:34:11,837 - INFO - 正在处理 Sheet: 安徽
2025-04-17 14:34:11,838 - INFO - ==================================================
2025-04-17 14:41:13,671 - INFO - 
实验结果摘要:
2025-04-17 14:41:13,682 - INFO -          sizepop  elite_size   overbest      MAXGEN  best_fitness  \
count  50.000000   50.000000  50.000000   50.000000     50.000000   
mean   38.440000    3.500000   6.980000  101.200000     13.704123   
std     5.821003    0.505076   1.477588   28.988386      5.241576   
min    30.000000    3.000000   5.000000   51.000000     10.668694   
25%    33.000000    3.000000   6.000000   74.000000     11.519143   
50%    38.000000    3.500000   7.000000  104.000000     12.274082   
75%    42.750000    4.000000   8.750000  125.000000     13.294795   
max    49.000000    4.000000   9.000000  148.000000     36.835578   

       convergence_gen  final_diversity  
count        50.000000        50.000000  
mean        101.200000         0.935798  
std          28.988386         0.046737  
min          51.000000         0.778752  
25%          74.000000         0.916667  
50%         104.000000         0.944358  
75%         125.000000         0.970760  
max         148.000000         1.000000  
2025-04-17 14:41:14,504 - INFO - 特征重要性图已保存到: D:\系统默认\桌面\毕设\优化结果\安徽\安徽_feature_importance.png
2025-04-17 14:41:16,415 - INFO - 参数效应图已保存到: D:\系统默认\桌面\毕设\优化结果\安徽\安徽_parameter_effects.png
2025-04-17 14:41:16,415 - INFO - 
参数影响程度排名:
2025-04-17 14:41:16,415 - INFO -     Parameter  LR_Coefficient  RF_Importance
3      MAXGEN       -1.695170       0.483102
0     sizepop       -1.331463       0.348840
2    overbest        1.041468       0.134900
1  elite_size        0.350113       0.033159
2025-04-17 14:41:16,433 - INFO - 
优化建议:
2025-04-17 14:41:16,434 - INFO - MAXGEN (重要性: 0.483): 增加迭代次数能提高收敛性，但应考虑边际效益递减
2025-04-17 14:41:16,435 - INFO - sizepop (重要性: 0.349): 增大种群大小通常能提高解的质量，但会增加计算时间
2025-04-17 14:41:16,436 - INFO - overbest (重要性: 0.135): 记忆库大小应足够保存多样性解，但不宜过大
2025-04-17 14:41:16,437 - INFO - elite_size (重要性: 0.033): 适中的精英数量(3-5)通常能平衡收敛速度和多样性
2025-04-17 14:41:16,440 - INFO - 实验结果数据已保存到: D:\系统默认\桌面\毕设\优化结果\安徽\安徽_results.csv
2025-04-17 14:41:16,441 - INFO - 
==================================================
2025-04-17 14:41:16,442 - INFO - 正在处理 Sheet: 福建
2025-04-17 14:41:16,443 - INFO - ==================================================
2025-04-17 14:48:04,015 - INFO - 
实验结果摘要:
2025-04-17 14:48:04,033 - INFO -          sizepop  elite_size   overbest      MAXGEN  best_fitness  \
count  50.000000   50.000000  50.000000   50.000000     50.000000   
mean   38.440000    3.500000   6.980000  101.200000     12.951012   
std     5.821003    0.505076   1.477588   28.988386      6.326211   
min    30.000000    3.000000   5.000000   51.000000      8.851574   
25%    33.000000    3.000000   6.000000   74.000000      9.407907   
50%    38.000000    3.500000   7.000000  104.000000     10.037238   
75%    42.750000    4.000000   8.750000  125.000000     13.715579   
max    49.000000    4.000000   9.000000  148.000000     38.465250   

       convergence_gen  final_diversity  
count        50.000000        50.000000  
mean        101.200000         0.933514  
std          28.988386         0.039004  
min          51.000000         0.815789  
25%          74.000000         0.908382  
50%         104.000000         0.936647  
75%         125.000000         0.962719  
max         148.000000         1.000000  
2025-04-17 14:48:04,875 - INFO - 特征重要性图已保存到: D:\系统默认\桌面\毕设\优化结果\福建\福建_feature_importance.png
2025-04-17 14:48:06,894 - INFO - 参数效应图已保存到: D:\系统默认\桌面\毕设\优化结果\福建\福建_parameter_effects.png
2025-04-17 14:48:06,895 - INFO - 
参数影响程度排名:
2025-04-17 14:48:06,896 - INFO -     Parameter  LR_Coefficient  RF_Importance
0     sizepop       -2.589681       0.532498
3      MAXGEN       -1.496445       0.323991
2    overbest       -0.311061       0.089114
1  elite_size       -1.019405       0.054397
2025-04-17 14:48:06,899 - INFO - 
优化建议:
2025-04-17 14:48:06,900 - INFO - sizepop (重要性: 0.532): 增大种群大小通常能提高解的质量，但会增加计算时间
2025-04-17 14:48:06,901 - INFO - MAXGEN (重要性: 0.324): 增加迭代次数能提高收敛性，但应考虑边际效益递减
2025-04-17 14:48:06,901 - INFO - overbest (重要性: 0.089): 记忆库大小应足够保存多样性解，但不宜过大
2025-04-17 14:48:06,902 - INFO - elite_size (重要性: 0.054): 适中的精英数量(3-5)通常能平衡收敛速度和多样性
2025-04-17 14:48:06,904 - INFO - 实验结果数据已保存到: D:\系统默认\桌面\毕设\优化结果\福建\福建_results.csv
2025-04-17 14:48:06,904 - INFO - 
==================================================
2025-04-17 14:48:06,905 - INFO - 正在处理 Sheet: 江西
2025-04-17 14:48:06,905 - INFO - ==================================================
2025-04-17 14:54:18,065 - INFO - 
实验结果摘要:
2025-04-17 14:54:18,081 - INFO -          sizepop  elite_size   overbest      MAXGEN  best_fitness  \
count  50.000000   50.000000  50.000000   50.000000     50.000000   
mean   38.440000    3.500000   6.980000  101.200000     14.896173   
std     5.821003    0.505076   1.477588   28.988386      7.224403   
min    30.000000    3.000000   5.000000   51.000000     10.275915   
25%    33.000000    3.000000   6.000000   74.000000     11.018032   
50%    38.000000    3.500000   7.000000  104.000000     11.438055   
75%    42.750000    4.000000   8.750000  125.000000     13.614420   
max    49.000000    4.000000   9.000000  148.000000     39.006866   

       convergence_gen  final_diversity  
count        50.000000        50.000000  
mean        101.200000         0.936334  
std          28.988386         0.047545  
min          51.000000         0.718954  
25%          74.000000         0.929782  
50%         104.000000         0.947368  
75%         125.000000         0.964912  
max         148.000000         0.982456  
2025-04-17 14:54:18,834 - INFO - 特征重要性图已保存到: D:\系统默认\桌面\毕设\优化结果\江西\江西_feature_importance.png
2025-04-17 14:54:20,715 - INFO - 参数效应图已保存到: D:\系统默认\桌面\毕设\优化结果\江西\江西_parameter_effects.png
2025-04-17 14:54:20,731 - INFO - 
参数影响程度排名:
2025-04-17 14:54:20,732 - INFO -     Parameter  LR_Coefficient  RF_Importance
3      MAXGEN       -1.375102       0.386643
0     sizepop       -0.443631       0.367751
2    overbest       -1.443562       0.125298
1  elite_size       -1.911005       0.120307
2025-04-17 14:54:20,734 - INFO - 
优化建议:
2025-04-17 14:54:20,734 - INFO - MAXGEN (重要性: 0.387): 增加迭代次数能提高收敛性，但应考虑边际效益递减
2025-04-17 14:54:20,742 - INFO - sizepop (重要性: 0.368): 增大种群大小通常能提高解的质量，但会增加计算时间
2025-04-17 14:54:20,742 - INFO - overbest (重要性: 0.125): 记忆库大小应足够保存多样性解，但不宜过大
2025-04-17 14:54:20,742 - INFO - elite_size (重要性: 0.120): 适中的精英数量(3-5)通常能平衡收敛速度和多样性
2025-04-17 14:54:20,746 - INFO - 实验结果数据已保存到: D:\系统默认\桌面\毕设\优化结果\江西\江西_results.csv
2025-04-17 14:54:20,746 - INFO - 
==================================================
2025-04-17 14:54:20,746 - INFO - 正在处理 Sheet: 湖北
2025-04-17 14:54:20,746 - INFO - ==================================================
2025-04-17 15:00:31,522 - INFO - 
实验结果摘要:
2025-04-17 15:00:31,537 - INFO -          sizepop  elite_size   overbest      MAXGEN  best_fitness  \
count  50.000000   50.000000  50.000000   50.000000     50.000000   
mean   38.440000    3.500000   6.980000  101.200000     14.086063   
std     5.821003    0.505076   1.477588   28.988386      8.615246   
min    30.000000    3.000000   5.000000   51.000000      9.019243   
25%    33.000000    3.000000   6.000000   74.000000     10.518214   
50%    38.000000    3.500000   7.000000  104.000000     11.257265   
75%    42.750000    4.000000   8.750000  125.000000     13.720317   
max    49.000000    4.000000   9.000000  148.000000     55.577406   

       convergence_gen  final_diversity  
count        50.000000        50.000000  
mean        101.200000         0.941905  
std          28.988386         0.030230  
min          51.000000         0.879630  
25%          74.000000         0.924407  
50%         104.000000         0.946394  
75%         125.000000         0.963938  
max         148.000000         0.982456  
2025-04-17 15:00:32,292 - INFO - 特征重要性图已保存到: D:\系统默认\桌面\毕设\优化结果\湖北\湖北_feature_importance.png
2025-04-17 15:00:33,906 - INFO - 参数效应图已保存到: D:\系统默认\桌面\毕设\优化结果\湖北\湖北_parameter_effects.png
2025-04-17 15:00:33,906 - INFO - 
参数影响程度排名:
2025-04-17 15:00:33,922 - INFO -     Parameter  LR_Coefficient  RF_Importance
3      MAXGEN       -0.884121       0.496865
2    overbest       -1.252380       0.250317
0     sizepop       -0.552735       0.214900
1  elite_size        0.781070       0.037918
2025-04-17 15:00:33,922 - INFO - 
优化建议:
2025-04-17 15:00:33,922 - INFO - MAXGEN (重要性: 0.497): 增加迭代次数能提高收敛性，但应考虑边际效益递减
2025-04-17 15:00:33,922 - INFO - overbest (重要性: 0.250): 记忆库大小应足够保存多样性解，但不宜过大
2025-04-17 15:00:33,922 - INFO - sizepop (重要性: 0.215): 增大种群大小通常能提高解的质量，但会增加计算时间
2025-04-17 15:00:33,922 - INFO - elite_size (重要性: 0.038): 适中的精英数量(3-5)通常能平衡收敛速度和多样性
2025-04-17 15:00:33,922 - INFO - 实验结果数据已保存到: D:\系统默认\桌面\毕设\优化结果\湖北\湖北_results.csv
2025-04-17 15:00:33,938 - INFO - 
==================================================
2025-04-17 15:00:33,939 - INFO - 正在处理 Sheet: 湖南
2025-04-17 15:00:33,940 - INFO - ==================================================
2025-04-17 15:06:50,843 - INFO - 
实验结果摘要:
2025-04-17 15:06:50,853 - INFO -          sizepop  elite_size   overbest      MAXGEN  best_fitness  \
count  50.000000   50.000000  50.000000   50.000000     50.000000   
mean   38.440000    3.500000   6.980000  101.200000     16.419261   
std     5.821003    0.505076   1.477588   28.988386      4.932348   
min    30.000000    3.000000   5.000000   51.000000     13.618765   
25%    33.000000    3.000000   6.000000   74.000000     14.604303   
50%    38.000000    3.500000   7.000000  104.000000     15.401228   
75%    42.750000    4.000000   8.750000  125.000000     16.676539   
max    49.000000    4.000000   9.000000  148.000000     48.470686   

       convergence_gen  final_diversity  
count        50.000000        50.000000  
mean        101.200000         0.933124  
std          28.988386         0.046098  
min          51.000000         0.774510  
25%          74.000000         0.916172  
50%         104.000000         0.942237  
75%         125.000000         0.964912  
max         148.000000         1.000000  
2025-04-17 15:06:51,597 - INFO - 特征重要性图已保存到: D:\系统默认\桌面\毕设\优化结果\湖南\湖南_feature_importance.png
2025-04-17 15:06:53,397 - INFO - 参数效应图已保存到: D:\系统默认\桌面\毕设\优化结果\湖南\湖南_parameter_effects.png
2025-04-17 15:06:53,397 - INFO - 
参数影响程度排名:
2025-04-17 15:06:53,397 - INFO -     Parameter  LR_Coefficient  RF_Importance
3      MAXGEN       -1.479976       0.679468
0     sizepop       -0.527104       0.144445
1  elite_size       -0.855383       0.115690
2    overbest       -0.600354       0.060397
2025-04-17 15:06:53,414 - INFO - 
优化建议:
2025-04-17 15:06:53,414 - INFO - MAXGEN (重要性: 0.679): 增加迭代次数能提高收敛性，但应考虑边际效益递减
2025-04-17 15:06:53,414 - INFO - sizepop (重要性: 0.144): 增大种群大小通常能提高解的质量，但会增加计算时间
2025-04-17 15:06:53,414 - INFO - elite_size (重要性: 0.116): 适中的精英数量(3-5)通常能平衡收敛速度和多样性
2025-04-17 15:06:53,414 - INFO - overbest (重要性: 0.060): 记忆库大小应足够保存多样性解，但不宜过大
2025-04-17 15:06:53,421 - INFO - 实验结果数据已保存到: D:\系统默认\桌面\毕设\优化结果\湖南\湖南_results.csv
2025-04-17 15:06:53,421 - INFO - 
==================================================
2025-04-17 15:06:53,421 - INFO - 正在处理 Sheet: 广东
2025-04-17 15:06:53,425 - INFO - ==================================================
2025-04-17 15:13:17,397 - INFO - 
实验结果摘要:
2025-04-17 15:13:17,407 - INFO -          sizepop  elite_size   overbest      MAXGEN  best_fitness  \
count  50.000000   50.000000  50.000000   50.000000     50.000000   
mean   38.440000    3.500000   6.980000  101.200000     13.967100   
std     5.821003    0.505076   1.477588   28.988386      3.169621   
min    30.000000    3.000000   5.000000   51.000000     11.884280   
25%    33.000000    3.000000   6.000000   74.000000     12.446893   
50%    38.000000    3.500000   7.000000  104.000000     13.031183   
75%    42.750000    4.000000   8.750000  125.000000     13.850586   
max    49.000000    4.000000   9.000000  148.000000     28.374693   

       convergence_gen  final_diversity  
count        50.000000        50.000000  
mean        101.200000         0.934754  
std          28.988386         0.042868  
min          51.000000         0.797271  
25%          74.000000         0.906662  
50%         104.000000         0.945419  
75%         125.000000         0.964912  
max         148.000000         1.000000  
2025-04-17 15:13:18,204 - INFO - 特征重要性图已保存到: D:\系统默认\桌面\毕设\优化结果\广东\广东_feature_importance.png
2025-04-17 15:13:20,163 - INFO - 参数效应图已保存到: D:\系统默认\桌面\毕设\优化结果\广东\广东_parameter_effects.png
2025-04-17 15:13:20,163 - INFO - 
参数影响程度排名:
2025-04-17 15:13:20,163 - INFO -     Parameter  LR_Coefficient  RF_Importance
3      MAXGEN       -1.015116       0.734269
2    overbest        0.643940       0.127479
0     sizepop       -0.393884       0.109070
1  elite_size       -0.337241       0.029183
2025-04-17 15:13:20,163 - INFO - 
优化建议:
2025-04-17 15:13:20,163 - INFO - MAXGEN (重要性: 0.734): 增加迭代次数能提高收敛性，但应考虑边际效益递减
2025-04-17 15:13:20,163 - INFO - overbest (重要性: 0.127): 记忆库大小应足够保存多样性解，但不宜过大
2025-04-17 15:13:20,163 - INFO - sizepop (重要性: 0.109): 增大种群大小通常能提高解的质量，但会增加计算时间
2025-04-17 15:13:20,176 - INFO - elite_size (重要性: 0.029): 适中的精英数量(3-5)通常能平衡收敛速度和多样性
2025-04-17 15:13:20,179 - INFO - 实验结果数据已保存到: D:\系统默认\桌面\毕设\优化结果\广东\广东_results.csv
2025-04-17 15:13:20,181 - INFO - 
==================================================
2025-04-17 15:13:20,181 - INFO - 正在处理 Sheet: 四川
2025-04-17 15:13:20,182 - INFO - ==================================================
2025-04-17 15:19:59,663 - INFO - 
实验结果摘要:
2025-04-17 15:19:59,679 - INFO -          sizepop  elite_size   overbest      MAXGEN  best_fitness  \
count  50.000000   50.000000  50.000000   50.000000     50.000000   
mean   38.440000    3.500000   6.980000  101.200000     34.078888   
std     5.821003    0.505076   1.477588   28.988386     12.460723   
min    30.000000    3.000000   5.000000   51.000000     25.805118   
25%    33.000000    3.000000   6.000000   74.000000     27.240801   
50%    38.000000    3.500000   7.000000  104.000000     28.558946   
75%    42.750000    4.000000   8.750000  125.000000     34.258505   
max    49.000000    4.000000   9.000000  148.000000     77.744058   

       convergence_gen  final_diversity  
count        50.000000        50.000000  
mean        101.200000         0.953762  
std          28.988386         0.039799  
min          51.000000         0.859964  
25%          74.000000         0.943298  
50%         104.000000         0.964425  
75%         125.000000         0.982456  
max         148.000000         1.000000  
2025-04-17 15:20:00,488 - INFO - 特征重要性图已保存到: D:\系统默认\桌面\毕设\优化结果\四川\四川_feature_importance.png
2025-04-17 15:20:02,291 - INFO - 参数效应图已保存到: D:\系统默认\桌面\毕设\优化结果\四川\四川_parameter_effects.png
2025-04-17 15:20:02,291 - INFO - 
参数影响程度排名:
2025-04-17 15:20:02,291 - INFO -     Parameter  LR_Coefficient  RF_Importance
3      MAXGEN       -1.642664       0.377625
0     sizepop       -4.013378       0.316816
2    overbest       -2.127921       0.205126
1  elite_size       -2.132105       0.100434
2025-04-17 15:20:02,308 - INFO - 
优化建议:
2025-04-17 15:20:02,308 - INFO - MAXGEN (重要性: 0.378): 增加迭代次数能提高收敛性，但应考虑边际效益递减
2025-04-17 15:20:02,312 - INFO - sizepop (重要性: 0.317): 增大种群大小通常能提高解的质量，但会增加计算时间
2025-04-17 15:20:02,313 - INFO - overbest (重要性: 0.205): 记忆库大小应足够保存多样性解，但不宜过大
2025-04-17 15:20:02,314 - INFO - elite_size (重要性: 0.100): 适中的精英数量(3-5)通常能平衡收敛速度和多样性
2025-04-17 15:20:02,317 - INFO - 实验结果数据已保存到: D:\系统默认\桌面\毕设\优化结果\四川\四川_results.csv
2025-04-17 15:20:02,318 - INFO - 
==================================================
2025-04-17 15:20:02,318 - INFO - 正在处理 Sheet: 贵州
2025-04-17 15:20:02,320 - INFO - ==================================================
2025-04-17 15:26:17,942 - INFO - 
实验结果摘要:
2025-04-17 15:26:17,955 - INFO -          sizepop  elite_size   overbest      MAXGEN  best_fitness  \
count  50.000000   50.000000  50.000000   50.000000     50.000000   
mean   38.440000    3.500000   6.980000  101.200000     13.789705   
std     5.821003    0.505076   1.477588   28.988386      6.510242   
min    30.000000    3.000000   5.000000   51.000000      9.768041   
25%    33.000000    3.000000   6.000000   74.000000     10.638249   
50%    38.000000    3.500000   7.000000  104.000000     11.216068   
75%    42.750000    4.000000   8.750000  125.000000     12.227011   
max    49.000000    4.000000   9.000000  148.000000     37.539803   

       convergence_gen  final_diversity  
count        50.000000        50.000000  
mean        101.200000         0.933780  
std          28.988386         0.032924  
min          51.000000         0.819444  
25%          74.000000         0.916007  
50%         104.000000         0.945419  
75%         125.000000         0.952801  
max         148.000000         0.982456  
2025-04-17 15:26:18,672 - INFO - 特征重要性图已保存到: D:\系统默认\桌面\毕设\优化结果\贵州\贵州_feature_importance.png
2025-04-17 15:26:20,476 - INFO - 参数效应图已保存到: D:\系统默认\桌面\毕设\优化结果\贵州\贵州_parameter_effects.png
2025-04-17 15:26:20,476 - INFO - 
参数影响程度排名:
2025-04-17 15:26:20,476 - INFO -     Parameter  LR_Coefficient  RF_Importance
3      MAXGEN       -3.048680       0.680442
0     sizepop       -1.373698       0.217969
2    overbest        0.980307       0.062093
1  elite_size       -0.653343       0.039496
2025-04-17 15:26:20,476 - INFO - 
优化建议:
2025-04-17 15:26:20,476 - INFO - MAXGEN (重要性: 0.680): 增加迭代次数能提高收敛性，但应考虑边际效益递减
2025-04-17 15:26:20,476 - INFO - sizepop (重要性: 0.218): 增大种群大小通常能提高解的质量，但会增加计算时间
2025-04-17 15:26:20,489 - INFO - overbest (重要性: 0.062): 记忆库大小应足够保存多样性解，但不宜过大
2025-04-17 15:26:20,490 - INFO - elite_size (重要性: 0.039): 适中的精英数量(3-5)通常能平衡收敛速度和多样性
2025-04-17 15:26:20,493 - INFO - 实验结果数据已保存到: D:\系统默认\桌面\毕设\优化结果\贵州\贵州_results.csv
2025-04-17 15:26:20,493 - INFO - 
==================================================
2025-04-17 15:26:20,493 - INFO - 正在处理 Sheet: 云南
2025-04-17 15:26:20,493 - INFO - ==================================================
2025-04-17 15:32:45,699 - INFO - 
实验结果摘要:
2025-04-17 15:32:45,708 - INFO -          sizepop  elite_size   overbest      MAXGEN  best_fitness  \
count  50.000000   50.000000  50.000000   50.000000     50.000000   
mean   38.440000    3.500000   6.980000  101.200000     20.137045   
std     5.821003    0.505076   1.477588   28.988386      2.379679   
min    30.000000    3.000000   5.000000   51.000000     18.193772   
25%    33.000000    3.000000   6.000000   74.000000     19.149383   
50%    38.000000    3.500000   7.000000  104.000000     19.513359   
75%    42.750000    4.000000   8.750000  125.000000     20.286334   
max    49.000000    4.000000   9.000000  148.000000     34.692750   

       convergence_gen  final_diversity  
count        50.000000        50.000000  
mean        101.200000         0.931746  
std          28.988386         0.037901  
min          51.000000         0.820806  
25%          74.000000         0.913560  
50%         104.000000         0.938231  
75%         125.000000         0.960154  
max         148.000000         0.982456  
2025-04-17 15:32:46,599 - INFO - 特征重要性图已保存到: D:\系统默认\桌面\毕设\优化结果\云南\云南_feature_importance.png
2025-04-17 15:32:48,857 - INFO - 参数效应图已保存到: D:\系统默认\桌面\毕设\优化结果\云南\云南_parameter_effects.png
2025-04-17 15:32:48,857 - INFO - 
参数影响程度排名:
2025-04-17 15:32:48,857 - INFO -     Parameter  LR_Coefficient  RF_Importance
3      MAXGEN       -0.822341       0.489851
0     sizepop        0.882357       0.346639
2    overbest       -0.046338       0.085362
1  elite_size        0.432350       0.078148
2025-04-17 15:32:48,873 - INFO - 
优化建议:
2025-04-17 15:32:48,874 - INFO - MAXGEN (重要性: 0.490): 增加迭代次数能提高收敛性，但应考虑边际效益递减
2025-04-17 15:32:48,874 - INFO - sizepop (重要性: 0.347): 增大种群大小通常能提高解的质量，但会增加计算时间
2025-04-17 15:32:48,877 - INFO - overbest (重要性: 0.085): 记忆库大小应足够保存多样性解，但不宜过大
2025-04-17 15:32:48,877 - INFO - elite_size (重要性: 0.078): 适中的精英数量(3-5)通常能平衡收敛速度和多样性
2025-04-17 15:32:48,881 - INFO - 实验结果数据已保存到: D:\系统默认\桌面\毕设\优化结果\云南\云南_results.csv
2025-04-17 15:32:48,882 - INFO - 
==================================================
2025-04-17 15:32:48,883 - INFO - 正在处理 Sheet: 陕西
2025-04-17 15:32:48,883 - INFO - ==================================================
2025-04-17 15:39:07,169 - INFO - 
实验结果摘要:
2025-04-17 15:39:07,181 - INFO -          sizepop  elite_size   overbest      MAXGEN  best_fitness  \
count  50.000000   50.000000  50.000000   50.000000     50.000000   
mean   38.440000    3.500000   6.980000  101.200000     13.935796   
std     5.821003    0.505076   1.477588   28.988386      2.150921   
min    30.000000    3.000000   5.000000   51.000000     12.310638   
25%    33.000000    3.000000   6.000000   74.000000     12.789082   
50%    38.000000    3.500000   7.000000  104.000000     13.227944   
75%    42.750000    4.000000   8.750000  125.000000     13.811858   
max    49.000000    4.000000   9.000000  148.000000     21.919332   

       convergence_gen  final_diversity  
count        50.000000        50.000000  
mean        101.200000         0.932922  
std          28.988386         0.036197  
min          51.000000         0.815789  
25%          74.000000         0.915312  
50%         104.000000         0.940983  
75%         125.000000         0.960397  
max         148.000000         1.000000  
2025-04-17 15:39:07,929 - INFO - 特征重要性图已保存到: D:\系统默认\桌面\毕设\优化结果\陕西\陕西_feature_importance.png
2025-04-17 15:39:09,676 - INFO - 参数效应图已保存到: D:\系统默认\桌面\毕设\优化结果\陕西\陕西_parameter_effects.png
2025-04-17 15:39:09,676 - INFO - 
参数影响程度排名:
2025-04-17 15:39:09,676 - INFO -     Parameter  LR_Coefficient  RF_Importance
3      MAXGEN       -0.377437       0.513669
0     sizepop       -0.163779       0.247421
2    overbest        0.587304       0.171591
1  elite_size        0.466886       0.067318
2025-04-17 15:39:09,676 - INFO - 
优化建议:
2025-04-17 15:39:09,676 - INFO - MAXGEN (重要性: 0.514): 增加迭代次数能提高收敛性，但应考虑边际效益递减
2025-04-17 15:39:09,692 - INFO - sizepop (重要性: 0.247): 增大种群大小通常能提高解的质量，但会增加计算时间
2025-04-17 15:39:09,693 - INFO - overbest (重要性: 0.172): 记忆库大小应足够保存多样性解，但不宜过大
2025-04-17 15:39:09,693 - INFO - elite_size (重要性: 0.067): 适中的精英数量(3-5)通常能平衡收敛速度和多样性
2025-04-17 15:39:09,697 - INFO - 实验结果数据已保存到: D:\系统默认\桌面\毕设\优化结果\陕西\陕西_results.csv
2025-04-17 15:39:09,697 - INFO - 
==================================================
2025-04-17 15:39:09,697 - INFO - 正在处理 Sheet: 甘肃
2025-04-17 15:39:09,697 - INFO - ==================================================
2025-04-17 15:45:23,524 - INFO - 
实验结果摘要:
2025-04-17 15:45:23,544 - INFO -          sizepop  elite_size   overbest      MAXGEN  best_fitness  \
count  50.000000   50.000000  50.000000   50.000000     50.000000   
mean   38.440000    3.500000   6.980000  101.200000     15.014226   
std     5.821003    0.505076   1.477588   28.988386     10.744591   
min    30.000000    3.000000   5.000000   51.000000      9.537313   
25%    33.000000    3.000000   6.000000   74.000000     10.298116   
50%    38.000000    3.500000   7.000000  104.000000     10.700859   
75%    42.750000    4.000000   8.750000  125.000000     12.150637   
max    49.000000    4.000000   9.000000  148.000000     60.024714   

       convergence_gen  final_diversity  
count        50.000000        50.000000  
mean        101.200000         0.923337  
std          28.988386         0.040459  
min          51.000000         0.778752  
25%          74.000000         0.899123  
50%         104.000000         0.924779  
75%         125.000000         0.963694  
max         148.000000         0.991228  
2025-04-17 15:45:24,292 - INFO - 特征重要性图已保存到: D:\系统默认\桌面\毕设\优化结果\甘肃\甘肃_feature_importance.png
2025-04-17 15:45:26,122 - INFO - 参数效应图已保存到: D:\系统默认\桌面\毕设\优化结果\甘肃\甘肃_parameter_effects.png
2025-04-17 15:45:26,122 - INFO - 
参数影响程度排名:
2025-04-17 15:45:26,122 - INFO -     Parameter  LR_Coefficient  RF_Importance
0     sizepop       -2.878664       0.547195
3      MAXGEN       -2.134883       0.332180
2    overbest       -2.033767       0.075234
1  elite_size       -0.316716       0.045391
2025-04-17 15:45:26,122 - INFO - 
优化建议:
2025-04-17 15:45:26,122 - INFO - sizepop (重要性: 0.547): 增大种群大小通常能提高解的质量，但会增加计算时间
2025-04-17 15:45:26,122 - INFO - MAXGEN (重要性: 0.332): 增加迭代次数能提高收敛性，但应考虑边际效益递减
2025-04-17 15:45:26,122 - INFO - overbest (重要性: 0.075): 记忆库大小应足够保存多样性解，但不宜过大
2025-04-17 15:45:26,122 - INFO - elite_size (重要性: 0.045): 适中的精英数量(3-5)通常能平衡收敛速度和多样性
2025-04-17 15:45:26,122 - INFO - 实验结果数据已保存到: D:\系统默认\桌面\毕设\优化结果\甘肃\甘肃_results.csv
2025-04-17 15:45:26,138 - INFO - 
==================================================
2025-04-17 15:45:26,138 - INFO - 正在处理 Sheet: 青海
2025-04-17 15:45:26,140 - INFO - ==================================================
2025-04-17 15:51:30,945 - INFO - 
实验结果摘要:
2025-04-17 15:51:30,962 - INFO -          sizepop  elite_size   overbest      MAXGEN  best_fitness  \
count  50.000000   50.000000  50.000000   50.000000     50.000000   
mean   38.440000    3.500000   6.980000  101.200000     10.716912   
std     5.821003    0.505076   1.477588   28.988386      5.791301   
min    30.000000    3.000000   5.000000   51.000000      5.952838   
25%    33.000000    3.000000   6.000000   74.000000      7.207391   
50%    38.000000    3.500000   7.000000  104.000000      8.220474   
75%    42.750000    4.000000   8.750000  125.000000     12.435242   
max    49.000000    4.000000   9.000000  148.000000     34.418585   

       convergence_gen  final_diversity  
count        50.000000        50.000000  
mean        101.200000         0.872035  
std          28.988386         0.057597  
min          51.000000         0.666667  
25%          74.000000         0.862086  
50%         104.000000         0.884281  
75%         125.000000         0.906218  
max         148.000000         0.945419  
2025-04-17 15:51:31,678 - INFO - 特征重要性图已保存到: D:\系统默认\桌面\毕设\优化结果\青海\青海_feature_importance.png
2025-04-17 15:51:33,553 - INFO - 参数效应图已保存到: D:\系统默认\桌面\毕设\优化结果\青海\青海_parameter_effects.png
2025-04-17 15:51:33,553 - INFO - 
参数影响程度排名:
2025-04-17 15:51:33,553 - INFO -     Parameter  LR_Coefficient  RF_Importance
3      MAXGEN       -1.930786       0.377678
0     sizepop       -1.679911       0.364650
1  elite_size       -0.472871       0.149759
2    overbest       -0.539645       0.107913
2025-04-17 15:51:33,553 - INFO - 
优化建议:
2025-04-17 15:51:33,564 - INFO - MAXGEN (重要性: 0.378): 增加迭代次数能提高收敛性，但应考虑边际效益递减
2025-04-17 15:51:33,565 - INFO - sizepop (重要性: 0.365): 增大种群大小通常能提高解的质量，但会增加计算时间
2025-04-17 15:51:33,566 - INFO - elite_size (重要性: 0.150): 适中的精英数量(3-5)通常能平衡收敛速度和多样性
2025-04-17 15:51:33,567 - INFO - overbest (重要性: 0.108): 记忆库大小应足够保存多样性解，但不宜过大
2025-04-17 15:51:33,569 - INFO - 实验结果数据已保存到: D:\系统默认\桌面\毕设\优化结果\青海\青海_results.csv
2025-04-17 15:51:33,569 - INFO - 
==================================================
2025-04-17 15:51:33,569 - INFO - 正在处理 Sheet: 内蒙古
2025-04-17 15:51:33,569 - INFO - ==================================================
2025-04-17 15:57:52,588 - INFO - 
实验结果摘要:
2025-04-17 15:57:52,593 - INFO -          sizepop  elite_size   overbest      MAXGEN  best_fitness  \
count  50.000000   50.000000  50.000000   50.000000     50.000000   
mean   38.440000    3.500000   6.980000  101.200000     16.326104   
std     5.821003    0.505076   1.477588   28.988386      8.971853   
min    30.000000    3.000000   5.000000   51.000000     10.274109   
25%    33.000000    3.000000   6.000000   74.000000     11.952306   
50%    38.000000    3.500000   7.000000  104.000000     13.041927   
75%    42.750000    4.000000   8.750000  125.000000     14.865022   
max    49.000000    4.000000   9.000000  148.000000     61.803499   

       convergence_gen  final_diversity  
count        50.000000        50.000000  
mean        101.200000         0.943014  
std          28.988386         0.035720  
min          51.000000         0.799020  
25%          74.000000         0.927875  
50%         104.000000         0.946881  
75%         125.000000         0.964912  
max         148.000000         1.000000  
2025-04-17 15:57:53,330 - INFO - 特征重要性图已保存到: D:\系统默认\桌面\毕设\优化结果\内蒙古\内蒙古_feature_importance.png
2025-04-17 15:57:55,160 - INFO - 参数效应图已保存到: D:\系统默认\桌面\毕设\优化结果\内蒙古\内蒙古_parameter_effects.png
2025-04-17 15:57:55,160 - INFO - 
参数影响程度排名:
2025-04-17 15:57:55,160 - INFO -     Parameter  LR_Coefficient  RF_Importance
0     sizepop       -2.869366       0.452136
3      MAXGEN       -3.984218       0.422130
2    overbest        1.935618       0.097948
1  elite_size       -1.541262       0.027786
2025-04-17 15:57:55,160 - INFO - 
优化建议:
2025-04-17 15:57:55,160 - INFO - sizepop (重要性: 0.452): 增大种群大小通常能提高解的质量，但会增加计算时间
2025-04-17 15:57:55,160 - INFO - MAXGEN (重要性: 0.422): 增加迭代次数能提高收敛性，但应考虑边际效益递减
2025-04-17 15:57:55,160 - INFO - overbest (重要性: 0.098): 记忆库大小应足够保存多样性解，但不宜过大
2025-04-17 15:57:55,171 - INFO - elite_size (重要性: 0.028): 适中的精英数量(3-5)通常能平衡收敛速度和多样性
2025-04-17 15:57:55,175 - INFO - 实验结果数据已保存到: D:\系统默认\桌面\毕设\优化结果\内蒙古\内蒙古_results.csv
2025-04-17 15:57:55,177 - INFO - 
==================================================
2025-04-17 15:57:55,177 - INFO - 正在处理 Sheet: 广西
2025-04-17 15:57:55,178 - INFO - ==================================================
2025-04-17 16:04:14,385 - INFO - 
实验结果摘要:
2025-04-17 16:04:14,398 - INFO -          sizepop  elite_size   overbest      MAXGEN  best_fitness  \
count  50.000000   50.000000  50.000000   50.000000     50.000000   
mean   38.440000    3.500000   6.980000  101.200000     15.882352   
std     5.821003    0.505076   1.477588   28.988386      3.782522   
min    30.000000    3.000000   5.000000   51.000000     13.060317   
25%    33.000000    3.000000   6.000000   74.000000     13.955379   
50%    38.000000    3.500000   7.000000  104.000000     14.568768   
75%    42.750000    4.000000   8.750000  125.000000     15.647009   
max    49.000000    4.000000   9.000000  148.000000     32.644026   

       convergence_gen  final_diversity  
count        50.000000        50.000000  
mean        101.200000         0.944793  
std          28.988386         0.031276  
min          51.000000         0.882353  
25%          74.000000         0.922611  
50%         104.000000         0.945419  
75%         125.000000         0.964912  
max         148.000000         1.000000  
2025-04-17 16:04:15,225 - INFO - 特征重要性图已保存到: D:\系统默认\桌面\毕设\优化结果\广西\广西_feature_importance.png
2025-04-17 16:04:16,892 - INFO - 参数效应图已保存到: D:\系统默认\桌面\毕设\优化结果\广西\广西_parameter_effects.png
2025-04-17 16:04:16,895 - INFO - 
参数影响程度排名:
2025-04-17 16:04:16,896 - INFO -     Parameter  LR_Coefficient  RF_Importance
0     sizepop       -0.330961       0.455834
3      MAXGEN       -0.558569       0.318347
2    overbest        0.169220       0.147072
1  elite_size        0.348303       0.078747
2025-04-17 16:04:16,902 - INFO - 
优化建议:
2025-04-17 16:04:16,902 - INFO - sizepop (重要性: 0.456): 增大种群大小通常能提高解的质量，但会增加计算时间
2025-04-17 16:04:16,904 - INFO - MAXGEN (重要性: 0.318): 增加迭代次数能提高收敛性，但应考虑边际效益递减
2025-04-17 16:04:16,905 - INFO - overbest (重要性: 0.147): 记忆库大小应足够保存多样性解，但不宜过大
2025-04-17 16:04:16,906 - INFO - elite_size (重要性: 0.079): 适中的精英数量(3-5)通常能平衡收敛速度和多样性
2025-04-17 16:04:16,908 - INFO - 实验结果数据已保存到: D:\系统默认\桌面\毕设\优化结果\广西\广西_results.csv
2025-04-17 16:04:16,908 - INFO - 
==================================================
2025-04-17 16:04:16,908 - INFO - 正在处理 Sheet: 西藏
2025-04-17 16:04:16,908 - INFO - ==================================================
2025-04-17 16:10:26,938 - INFO - 
实验结果摘要:
2025-04-17 16:10:26,955 - INFO -          sizepop  elite_size   overbest      MAXGEN  best_fitness  \
count  50.000000   50.000000  50.000000   50.000000     50.000000   
mean   38.440000    3.500000   6.980000  101.200000     12.935920   
std     5.821003    0.505076   1.477588   28.988386      7.004730   
min    30.000000    3.000000   5.000000   51.000000      7.600403   
25%    33.000000    3.000000   6.000000   74.000000      8.004739   
50%    38.000000    3.500000   7.000000  104.000000      9.095526   
75%    42.750000    4.000000   8.750000  125.000000     16.433720   
max    49.000000    4.000000   9.000000  148.000000     33.972279   

       convergence_gen  final_diversity  
count        50.000000        50.000000  
mean        101.200000         0.913561  
std          28.988386         0.034331  
min          51.000000         0.774510  
25%          74.000000         0.900280  
50%         104.000000         0.915434  
75%         125.000000         0.927875  
max         148.000000         0.982456  
2025-04-17 16:10:27,762 - INFO - 特征重要性图已保存到: D:\系统默认\桌面\毕设\优化结果\西藏\西藏_feature_importance.png
2025-04-17 16:10:29,436 - INFO - 参数效应图已保存到: D:\系统默认\桌面\毕设\优化结果\西藏\西藏_parameter_effects.png
2025-04-17 16:10:29,436 - INFO - 
参数影响程度排名:
2025-04-17 16:10:29,436 - INFO -     Parameter  LR_Coefficient  RF_Importance
3      MAXGEN       -0.779823       0.640905
0     sizepop       -1.214250       0.201810
2    overbest        1.466965       0.132226
1  elite_size        0.189476       0.025060
2025-04-17 16:10:29,452 - INFO - 
优化建议:
2025-04-17 16:10:29,452 - INFO - MAXGEN (重要性: 0.641): 增加迭代次数能提高收敛性，但应考虑边际效益递减
2025-04-17 16:10:29,452 - INFO - sizepop (重要性: 0.202): 增大种群大小通常能提高解的质量，但会增加计算时间
2025-04-17 16:10:29,452 - INFO - overbest (重要性: 0.132): 记忆库大小应足够保存多样性解，但不宜过大
2025-04-17 16:10:29,452 - INFO - elite_size (重要性: 0.025): 适中的精英数量(3-5)通常能平衡收敛速度和多样性
2025-04-17 16:10:29,460 - INFO - 实验结果数据已保存到: D:\系统默认\桌面\毕设\优化结果\西藏\西藏_results.csv
2025-04-17 16:10:29,460 - INFO - 
==================================================
2025-04-17 16:10:29,460 - INFO - 正在处理 Sheet: 新疆
2025-04-17 16:10:29,460 - INFO - ==================================================
2025-04-17 16:16:58,033 - INFO - 
实验结果摘要:
2025-04-17 16:16:58,044 - INFO -          sizepop  elite_size   overbest      MAXGEN  best_fitness  \
count  50.000000   50.000000  50.000000   50.000000     50.000000   
mean   38.440000    3.500000   6.980000  101.200000     19.522637   
std     5.821003    0.505076   1.477588   28.988386     11.238169   
min    30.000000    3.000000   5.000000   51.000000     13.527533   
25%    33.000000    3.000000   6.000000   74.000000     14.164786   
50%    38.000000    3.500000   7.000000  104.000000     14.921438   
75%    42.750000    4.000000   8.750000  125.000000     16.478373   
max    49.000000    4.000000   9.000000  148.000000     67.519026   

       convergence_gen  final_diversity  
count        50.000000        50.000000  
mean        101.200000         0.925065  
std          28.988386         0.050666  
min          51.000000         0.750000  
25%          74.000000         0.907522  
50%         104.000000         0.935587  
75%         125.000000         0.962963  
max         148.000000         1.000000  
2025-04-17 16:16:58,902 - INFO - 特征重要性图已保存到: D:\系统默认\桌面\毕设\优化结果\新疆\新疆_feature_importance.png
2025-04-17 16:17:00,561 - INFO - 参数效应图已保存到: D:\系统默认\桌面\毕设\优化结果\新疆\新疆_parameter_effects.png
2025-04-17 16:17:00,561 - INFO - 
参数影响程度排名:
2025-04-17 16:17:00,561 - INFO -     Parameter  LR_Coefficient  RF_Importance
3      MAXGEN       -3.262969       0.579574
0     sizepop        0.252413       0.222378
2    overbest        2.768818       0.125411
1  elite_size       -0.092194       0.072637
2025-04-17 16:17:00,582 - INFO - 
优化建议:
2025-04-17 16:17:00,582 - INFO - MAXGEN (重要性: 0.580): 增加迭代次数能提高收敛性，但应考虑边际效益递减
2025-04-17 16:17:00,582 - INFO - sizepop (重要性: 0.222): 增大种群大小通常能提高解的质量，但会增加计算时间
2025-04-17 16:17:00,582 - INFO - overbest (重要性: 0.125): 记忆库大小应足够保存多样性解，但不宜过大
2025-04-17 16:17:00,582 - INFO - elite_size (重要性: 0.073): 适中的精英数量(3-5)通常能平衡收敛速度和多样性
2025-04-17 16:17:00,593 - INFO - 实验结果数据已保存到: D:\系统默认\桌面\毕设\优化结果\新疆\新疆_results.csv
2025-04-17 16:17:00,594 - INFO - 
所有处理完成!
